<?xml version="1.0" encoding="UTF-8"?>
<!-- Generated by org.testng.reporters.JUnitReportReporter -->
<testsuite hostname="ASDLAPKCH0119" failures="0" tests="7" name="com.saucedemo.tests.LoginTests2" time="4.457" errors="0" timestamp="2023-09-20T14:21:21 IST" skipped="0">
  <testcase classname="com.saucedemo.tests.LoginTests2" name="TC006_navigateBrowserForward" time="0.017"/>
  <testcase classname="com.saucedemo.tests.LoginTests2" name="TC007_navigateBrowserBack" time="0.006"/>
  <testcase classname="com.saucedemo.tests.LoginTests2" name="TC002_invalidCredentials" time="1.064"/>
  <testcase classname="com.saucedemo.tests.LoginTests2" name="TC004_validPasswordInvalidUsername" time="0.938"/>
  <testcase classname="com.saucedemo.tests.LoginTests2" name="TC003_validUsernameInvalidPassword" time="0.927"/>
  <testcase classname="com.saucedemo.tests.LoginTests2" name="TC005_loginWithoutCredentials" time="1.019"/>
  <testcase classname="com.saucedemo.tests.LoginTests2" name="TC001_loginValidCredentials" time="0.486"/>
</testsuite> <!-- com.saucedemo.tests.LoginTests2 -->
