<?xml version="1.0" encoding="UTF-8"?>
<!-- Generated by org.testng.reporters.JUnitReportReporter -->
<testsuite hostname="ASDLAPKCH0119" failures="0" tests="1" name="com.restapi.learning.RestApiTest" time="5.015" errors="0" timestamp="2023-09-28T18:20:09 IST" skipped="0">
  <testcase classname="com.restapi.learning.RestApiTest" name="restApi" time="5.015"/>
</testsuite> <!-- com.restapi.learning.RestApiTest -->
