<?xml version="1.0" encoding="UTF-8"?>
<!-- Generated by org.testng.reporters.JUnitReportReporter -->
<testsuite hostname="ASDLAPKCH0119" failures="0" tests="2" name="com.saucedemo.tests.rough.SauceDemoLoginPage" time="0.012" errors="0" timestamp="2023-09-19T16:10:12 IST" skipped="0">
  <testcase classname="com.saucedemo.tests.rough.SauceDemoLoginPage" name="launchApplication" time="0.011"/>
  <testcase classname="com.saucedemo.tests.rough.SauceDemoLoginPage" name="wrongCredentialLogin" time="0.001"/>
</testsuite> <!-- com.saucedemo.tests.rough.SauceDemoLoginPage -->
