<?xml version="1.0" encoding="UTF-8"?>
<!-- Generated by org.testng.reporters.JUnitReportReporter -->
<testsuite hostname="ASDLAPKCH0119" failures="0" tests="3" name="com.launch.application.TestNg" time="0.012" errors="0" timestamp="2023-09-19T13:58:53 IST" skipped="0">
  <testcase classname="com.launch.application.TestNg" name="test3" time="0.008"/>
  <testcase classname="com.launch.application.TestNg" name="test2" time="0.002"/>
  <testcase classname="com.launch.application.TestNg" name="test1" time="0.002"/>
</testsuite> <!-- com.launch.application.TestNg -->
