<?xml version="1.0" encoding="UTF-8"?>
<!-- Generated by org.testng.reporters.JUnitReportReporter -->
<testsuite hostname="ASDLAPKCH0119" failures="0" tests="1" name="com.all.testcase.SauceDemoApplicationTestNg" time="112.530" errors="0" timestamp="2023-09-19T14:46:35 IST" skipped="0">
  <testcase classname="com.all.testcase.SauceDemoApplicationTestNg" name="webApplication" time="112.530"/>
</testsuite> <!-- com.all.testcase.SauceDemoApplicationTestNg -->
