<?xml version="1.0" encoding="UTF-8"?>
<!-- Generated by org.testng.reporters.JUnitReportReporter -->
<testsuite hostname="ASDLAPKCH0119" failures="0" tests="4" name="com.restapi.RestApiAllMethod" time="3.576" errors="0" timestamp="2023-09-29T16:32:11 IST" skipped="0">
  <testcase classname="com.restapi.RestApiAllMethod" name="postApi" time="2.318">
    <system-out>
      <![CDATA[Response body of POST request: {"status":"OK","place_id":"bad7f70a55a0af1e54f06e63ac10cb19","scope":"APP","reference":"cc2c1eb8db35a2df949b4064159a5a35cc2c1eb8db35a2df949b4064159a5a35","id":"cc2c1eb8db35a2df949b4064159a5a35"}
 ]]>
    </system-out>
  </testcase> <!-- postApi -->
  <testcase classname="com.restapi.RestApiAllMethod" name="putAPi" time="0.650">
    <system-out>
      <![CDATA[ 
PUT request: Address updated successfully]]>
    </system-out>
  </testcase> <!-- putAPi -->
  <testcase classname="com.restapi.RestApiAllMethod" name="getApi" time="0.444">
    <system-out>
      <![CDATA[ 
Response body of GET request: {"location":{"latitude":"-38.383494","longitude":"33.427362"},"accuracy":"50","name":"Frontline house","phone_number":"(+91) 983 893 3937","address":"Kakkanad, Kerala","types":"shop ,lulu","website":"http:\/\/google.com","language":"English-IN"}]]>
    </system-out>
  </testcase> <!-- getApi -->
  <testcase classname="com.restapi.RestApiAllMethod" name="deleteAPI" time="0.164">
    <system-out>
      <![CDATA[ 
Delete request: Deleted Successfully]]>
    </system-out>
  </testcase> <!-- deleteAPI -->
  <system-out>
    <![CDATA[Response body of POST request: {"status":"OK","place_id":"bad7f70a55a0af1e54f06e63ac10cb19","scope":"APP","reference":"cc2c1eb8db35a2df949b4064159a5a35cc2c1eb8db35a2df949b4064159a5a35","id":"cc2c1eb8db35a2df949b4064159a5a35"}
 
 
PUT request: Address updated successfully
 
Response body of GET request: {"location":{"latitude":"-38.383494","longitude":"33.427362"},"accuracy":"50","name":"Frontline house","phone_number":"(+91) 983 893 3937","address":"Kakkanad, Kerala","types":"shop ,lulu","website":"http:\/\/google.com","language":"English-IN"}
 
Delete request: Deleted Successfully]]>
  </system-out>
</testsuite> <!-- com.restapi.RestApiAllMethod -->
