<?xml version="1.0" encoding="UTF-8"?>
<!-- Generated by org.testng.reporters.JUnitReportReporter -->
<testsuite hostname="ASDLAPKCH0119" failures="0" tests="4" name="com.restapi.rough.Z_RestApiTesting2" time="3.725" errors="0" timestamp="2023-09-29T13:17:57 IST" skipped="0">
  <testcase classname="com.restapi.rough.Z_RestApiTesting2" name="postApi" time="2.345"/>
  <testcase classname="com.restapi.rough.Z_RestApiTesting2" name="putAPi" time="0.752"/>
  <testcase classname="com.restapi.rough.Z_RestApiTesting2" name="getApi" time="0.479"/>
  <testcase classname="com.restapi.rough.Z_RestApiTesting2" name="deleteAPI" time="0.149"/>
</testsuite> <!-- com.restapi.rough.Z_RestApiTesting2 -->
