<?xml version="1.0" encoding="UTF-8"?>
<!-- Generated by org.testng.reporters.JUnitReportReporter -->
<testsuite hostname="ASDLAPKCH0119" failures="0" tests="4" name="com.restapi.rough.RestApiAllMethod" time="3.777" errors="0" timestamp="2023-09-29T14:06:31 IST" skipped="0">
  <testcase classname="com.restapi.rough.RestApiAllMethod" name="postApi" time="2.397"/>
  <testcase classname="com.restapi.rough.RestApiAllMethod" name="putAPi" time="0.726"/>
  <testcase classname="com.restapi.rough.RestApiAllMethod" name="getApi" time="0.496"/>
  <testcase classname="com.restapi.rough.RestApiAllMethod" name="deleteAPI" time="0.158"/>
</testsuite> <!-- com.restapi.rough.RestApiAllMethod -->
