<?xml version="1.0" encoding="UTF-8"?>
<!-- Generated by org.testng.reporters.JUnitReportReporter -->
<testsuite hostname="ASDLAPKCH0119" failures="0" tests="1" name="com.pageobjects.test.SauceDemoApplicationTwo" time="31.182" errors="0" timestamp="2023-09-25T17:45:11 IST" skipped="0">
  <testcase classname="com.pageobjects.test.SauceDemoApplicationTwo" name="runTest" time="31.182"/>
</testsuite> <!-- com.pageobjects.test.SauceDemoApplicationTwo -->
