<?xml version="1.0" encoding="UTF-8"?>
<!-- Generated by org.testng.reporters.JUnitReportReporter -->
<testsuite hostname="ASDLAPKCH0119" failures="0" tests="5" name="com.saucedemo.tests.LoginTest" time="11.054" errors="0" timestamp="2023-10-13T13:36:35 IST" skipped="0">
  <testcase classname="com.saucedemo.tests.LoginTest" name="TC002_invalidCredentials" time="3.106"/>
  <testcase classname="com.saucedemo.tests.LoginTest" name="TC004_validPasswordInvalidUsername" time="1.944"/>
  <testcase classname="com.saucedemo.tests.LoginTest" name="TC003_validUsernameInvalidPassword" time="1.955"/>
  <testcase classname="com.saucedemo.tests.LoginTest" name="TC005_loginWithoutCredentials" time="1.886"/>
  <testcase classname="com.saucedemo.tests.LoginTest" name="TC001_loginValidCredentials" time="2.163"/>
</testsuite> <!-- com.saucedemo.tests.LoginTest -->
