<?xml version="1.0" encoding="UTF-8"?>
<!-- Generated by org.testng.reporters.JUnitReportReporter -->
<testsuite hostname="ASDLAPKCH0119" failures="0" tests="7" name="com.saucedemo.tests.LoginTests3" time="4.286" errors="0" timestamp="2023-09-20T16:09:00 IST" skipped="0">
  <testcase classname="com.saucedemo.tests.LoginTests3" name="TC007_navigateBrowserBack" time="0.009"/>
  <testcase classname="com.saucedemo.tests.LoginTests3" name="TC006_navigateBrowserForward" time="0.034"/>
  <testcase classname="com.saucedemo.tests.LoginTests3" name="TC002_invalidCredentials" time="1.016"/>
  <testcase classname="com.saucedemo.tests.LoginTests3" name="TC004_validPasswordInvalidUsername" time="0.906"/>
  <testcase classname="com.saucedemo.tests.LoginTests3" name="TC003_validUsernameInvalidPassword" time="0.972"/>
  <testcase classname="com.saucedemo.tests.LoginTests3" name="TC005_loginWithoutCredentials" time="0.989"/>
  <testcase classname="com.saucedemo.tests.LoginTests3" name="TC001_loginValidCredentials" time="0.360"/>
</testsuite> <!-- com.saucedemo.tests.LoginTests3 -->
