<?xml version="1.0" encoding="UTF-8"?>
<!-- Generated by org.testng.reporters.JUnitReportReporter -->
<testsuite hostname="ASDLAPKCH0119" failures="0" tests="1" name="com.launch.application.LaunchTwo" time="5.918" errors="0" timestamp="2023-09-21T10:36:57 IST" skipped="0">
  <testcase classname="com.launch.application.LaunchTwo" name="LaunchBrowser" time="5.918"/>
</testsuite> <!-- com.launch.application.LaunchTwo -->
